checking build system type... x86_64-apple-darwin23.1.0
checking host system type... x86_64-apple-darwin23.1.0
checking which template to use... darwin
checking whether NLS is wanted... no
checking for default port number... 5432
checking for block size... 8kB
checking for segment size... 1GB
checking for WAL block size... 8kB
checking for gcc... gcc
checking whether the C compiler works... yes
checking for C compiler default output file name... a.out
checking for suffix of executables... 
checking whether we are cross compiling... no
checking for suffix of object files... o
checking whether we are using the GNU C compiler... yes
checking whether gcc accepts -g... yes
checking for gcc option to accept ISO C89... none needed
checking for gcc option to accept ISO C99... none needed
checking for g++... g++
checking whether we are using the GNU C++ compiler... yes
checking whether g++ accepts -g... yes
checking for gawk... no
checking for mawk... no
checking for nawk... no
checking for awk... awk
checking whether gcc supports -Wdeclaration-after-statement, for CFLAGS... yes
checking whether gcc supports -Werror=vla, for CFLAGS... yes
checking whether gcc supports -Werror=unguarded-availability-new, for CFLAGS... yes
checking whether g++ supports -Werror=unguarded-availability-new, for CXXFLAGS... yes
checking whether gcc supports -Wendif-labels, for CFLAGS... yes
checking whether g++ supports -Wendif-labels, for CXXFLAGS... yes
checking whether gcc supports -Wmissing-format-attribute, for CFLAGS... yes
checking whether g++ supports -Wmissing-format-attribute, for CXXFLAGS... yes
checking whether gcc supports -Wimplicit-fallthrough=3, for CFLAGS... no
checking whether g++ supports -Wimplicit-fallthrough=3, for CXXFLAGS... no
checking whether gcc supports -Wcast-function-type, for CFLAGS... no
checking whether g++ supports -Wcast-function-type, for CXXFLAGS... no
checking whether gcc supports -Wshadow=compatible-local, for CFLAGS... no
checking whether g++ supports -Wshadow=compatible-local, for CXXFLAGS... no
checking whether gcc supports -Wformat-security, for CFLAGS... yes
checking whether g++ supports -Wformat-security, for CXXFLAGS... yes
checking whether gcc supports -fno-strict-aliasing, for CFLAGS... yes
checking whether g++ supports -fno-strict-aliasing, for CXXFLAGS... yes
checking whether gcc supports -fwrapv, for CFLAGS... yes
checking whether g++ supports -fwrapv, for CXXFLAGS... yes
checking whether gcc supports -fexcess-precision=standard, for CFLAGS... no
checking whether g++ supports -fexcess-precision=standard, for CXXFLAGS... no
checking whether gcc supports -funroll-loops, for CFLAGS_UNROLL_LOOPS... yes
checking whether gcc supports -ftree-vectorize, for CFLAGS_VECTORIZE... yes
checking whether gcc supports -Wunused-command-line-argument, for NOT_THE_CFLAGS... yes
checking whether gcc supports -Wcompound-token-split-by-macro, for NOT_THE_CFLAGS... no
checking whether gcc supports -Wformat-truncation, for NOT_THE_CFLAGS... no
checking whether gcc supports -Wstringop-truncation, for NOT_THE_CFLAGS... no
checking whether gcc supports -Wcast-function-type-strict, for NOT_THE_CFLAGS... no
checking whether gcc supports -fvisibility=hidden, for CFLAGS_SL_MODULE... yes
checking whether g++ supports -fvisibility=hidden, for CXXFLAGS_SL_MODULE... yes
checking whether g++ supports -fvisibility-inlines-hidden, for CXXFLAGS_SL_MODULE... yes
checking whether the C compiler still works... yes
checking how to run the C preprocessor... gcc -E
checking for pkg-config... /usr/local/bin/pkg-config
checking pkg-config is at least version 0.9.0... yes
checking allow thread-safe client libraries... yes
checking whether to build with ICU support... yes
checking for icu-uc icu-i18n... yes
checking whether to build with Tcl... no
checking whether to build Perl modules... no
checking whether to build Python modules... no
checking whether to build with GSSAPI support... no
checking whether to build with PAM support... no
checking whether to build with BSD Authentication support... no
checking whether to build with LDAP support... no
checking whether to build with Bonjour support... no
checking whether to build with SELinux support... no
checking whether to build with libseccomp support... no
checking whether to build with systemd support... no
checking whether to build with XML support... no
checking whether to build with LZ4 support... no
checking whether to build with ZSTD support... no
checking for strip... strip
checking whether it is possible to strip libraries... yes
checking for ar... ar
checking for a BSD-compatible install... /Users/rainman/github/test_neon/neon//scripts/ninstall.sh -C
checking for tar... /usr/bin/tar
checking whether ln -s works... yes
checking for a thread-safe mkdir -p... /usr/local/bin/gmkdir -p
checking for bison... /usr/local/opt/bison/bin//bison
configure: using bison (GNU Bison) 3.8.2
checking for flex... /usr/local/opt/flex/bin//flex
configure: using flex 2.6.4
checking for perl... /usr/bin/perl
configure: using perl 5.30.3
checking for a sed that does not truncate output... /usr/bin/sed
checking for grep that handles long lines and -e... /usr/bin/grep
checking for egrep... /usr/bin/grep -E
checking for ANSI C header files... yes
checking for sys/types.h... yes
checking for sys/stat.h... yes
checking for stdlib.h... yes
checking for string.h... yes
checking for memory.h... yes
checking for strings.h... yes
checking for inttypes.h... yes
checking for stdint.h... yes
checking for unistd.h... yes
checking whether gcc is Clang... yes
checking whether Clang needs flag to prevent "argument unused" warning when linking with -pthread... no
checking for joinable pthread attribute... PTHREAD_CREATE_JOINABLE
checking whether more special flags are required for pthreads... no
checking for PTHREAD_PRIO_INHERIT... yes
checking pthread.h usability... yes
checking pthread.h presence... yes
checking for pthread.h... yes
checking for strerror_r... yes
checking whether strerror_r returns int... yes
checking for main in -lm... yes
checking for library containing setproctitle... no
checking for library containing dlsym... none required
checking for library containing socket... none required
checking for library containing getopt_long... none required
checking for library containing shm_open... none required
checking for library containing shm_unlink... none required
checking for library containing clock_gettime... none required
checking for library containing fdatasync... none required
checking for library containing shmget... none required
checking for library containing backtrace_symbols... none required
checking for library containing pthread_barrier_wait... no
checking for library containing readline... -lreadline
checking for inflate in -lz... yes
checking for CRYPTO_new_ex_data in -lcrypto... yes
checking for SSL_new in -lssl... yes
checking for X509_get_signature_nid... yes
checking for SSL_CTX_set_cert_cb... yes
checking for OPENSSL_init_ssl... yes
checking for BIO_meth_new... yes
checking for ASN1_STRING_get0_data... yes
checking for HMAC_CTX_new... yes
checking for HMAC_CTX_free... yes
checking for CRYPTO_lock... no
checking for X509_get_signature_info... yes
checking for stdbool.h that conforms to C99... yes
checking for _Bool... yes
checking atomic.h usability... no
checking atomic.h presence... no
checking for atomic.h... no
checking copyfile.h usability... yes
checking copyfile.h presence... yes
checking for copyfile.h... yes
checking execinfo.h usability... yes
checking execinfo.h presence... yes
checking for execinfo.h... yes
checking getopt.h usability... yes
checking getopt.h presence... yes
checking for getopt.h... yes
checking ifaddrs.h usability... yes
checking ifaddrs.h presence... yes
checking for ifaddrs.h... yes
checking langinfo.h usability... yes
checking langinfo.h presence... yes
checking for langinfo.h... yes
checking mbarrier.h usability... no
checking mbarrier.h presence... no
checking for mbarrier.h... no
checking sys/epoll.h usability... no
checking sys/epoll.h presence... no
checking for sys/epoll.h... no
checking sys/event.h usability... yes
checking sys/event.h presence... yes
checking for sys/event.h... yes
checking sys/personality.h usability... no
checking sys/personality.h presence... no
checking for sys/personality.h... no
checking sys/prctl.h usability... no
checking sys/prctl.h presence... no
checking for sys/prctl.h... no
checking sys/procctl.h usability... no
checking sys/procctl.h presence... no
checking for sys/procctl.h... no
checking sys/signalfd.h usability... no
checking sys/signalfd.h presence... no
checking for sys/signalfd.h... no
checking sys/ucred.h usability... yes
checking sys/ucred.h presence... yes
checking for sys/ucred.h... yes
checking termios.h usability... yes
checking termios.h presence... yes
checking for termios.h... yes
checking ucred.h usability... no
checking ucred.h presence... no
checking for ucred.h... no
checking readline/readline.h usability... yes
checking readline/readline.h presence... yes
checking for readline/readline.h... yes
checking readline/history.h usability... yes
checking readline/history.h presence... yes
checking for readline/history.h... yes
checking zlib.h usability... yes
checking zlib.h presence... yes
checking for zlib.h... yes
checking for lz4... /Users/rainman/opt/anaconda3/bin/lz4
checking for zstd... /Users/rainman/opt/anaconda3/bin/zstd
checking for openssl... /usr/local/opt/openssl@3/bin/openssl
configure: using openssl: OpenSSL 3.2.1 30 Jan 2024 (Library: OpenSSL 3.2.1 30 Jan 2024)
checking openssl/ssl.h usability... yes
checking openssl/ssl.h presence... yes
checking for openssl/ssl.h... yes
checking openssl/err.h usability... yes
checking openssl/err.h presence... yes
checking for openssl/err.h... yes
checking whether byte ordering is bigendian... no
checking for inline... inline
checking for printf format archetype... printf
checking for _Static_assert... yes
checking for typeof... typeof
checking for __builtin_types_compatible_p... yes
checking for __builtin_constant_p... yes
checking for __builtin_unreachable... yes
checking for computed goto support... yes
checking for struct tm.tm_zone... yes
checking for union semun... yes
checking for socklen_t... yes
checking for struct sockaddr.sa_len... yes
checking for locale_t... yes (in xlocale.h)
checking for C/C++ restrict keyword... __restrict
checking for struct option... yes
checking for z_streamp... yes
checking whether assembler supports x86_64 popcntq... yes
checking for special C compiler options needed for large files... no
checking for _FILE_OFFSET_BITS value needed for large files... no
checking size of off_t... 8
checking size of bool... 1
checking for int timezone... yes
checking for wcstombs_l declaration... yes (in xlocale.h)
checking for backtrace_symbols... yes
checking for copyfile... yes
checking for getifaddrs... yes
checking for getpeerucred... no
checking for inet_pton... yes
checking for kqueue... yes
checking for mbstowcs_l... yes
checking for memset_s... yes
checking for posix_fallocate... no
checking for ppoll... no
checking for pthread_is_threaded_np... yes
checking for setproctitle... no
checking for setproctitle_fast... no
checking for strchrnul... no
checking for strsignal... yes
checking for syncfs... no
checking for sync_file_range... no
checking for uselocale... yes
checking for wcstombs_l... yes
checking for __builtin_bswap16... yes
checking for __builtin_bswap32... yes
checking for __builtin_bswap64... yes
checking for __builtin_clz... yes
checking for __builtin_ctz... yes
checking for __builtin_popcount... yes
checking for __builtin_frame_address... yes
checking for _LARGEFILE_SOURCE value needed for large files... no
checking how gcc reports undeclared, standard C functions... warning
checking for posix_fadvise... no
checking whether posix_fadvise is declared... no
checking whether fdatasync is declared... no
checking whether strlcat is declared... yes
checking whether strlcpy is declared... yes
checking whether strnlen is declared... yes
checking whether preadv is declared... no
checking whether pwritev is declared... no
checking whether F_FULLFSYNC is declared... yes
checking for explicit_bzero... no
checking for getopt... yes
checking for getpeereid... yes
checking for inet_aton... yes
checking for mkdtemp... yes
checking for strlcat... yes
checking for strlcpy... yes
checking for strnlen... yes
checking for pthread_barrier_wait... no
checking for getopt_long... yes
checking for syslog... yes
checking syslog.h usability... yes
checking syslog.h presence... yes
checking for syslog.h... yes
checking for opterr... yes
checking for optreset... yes
checking unicode/ucol.h usability... yes
checking unicode/ucol.h presence... yes
checking for unicode/ucol.h... yes
checking for rl_completion_suppress_quote... no
checking for rl_filename_quote_characters... no
checking for rl_filename_quoting_function... no
checking for append_history... no
checking for history_truncate_file... yes
checking for rl_completion_matches... yes
checking for rl_filename_completion_function... yes
checking for rl_reset_screen_size... no
checking for rl_variable_bind... yes
checking test program... ok
checking whether long int is 64 bits... yes
checking for __builtin_mul_overflow... yes
checking size of void *... 8
checking size of size_t... 8
checking size of long... 8
checking alignment of short... 2
checking alignment of int... 4
checking alignment of long... 8
checking alignment of double... 8
checking for int8... no
checking for uint8... no
checking for int64... no
checking for uint64... no
checking for __int128... yes
checking for __int128 alignment bug... ok
checking alignment of PG_INT128_TYPE... 16
checking for builtin __sync char locking functions... yes
checking for builtin __sync int32 locking functions... yes
checking for builtin __sync int32 atomic operations... yes
checking for builtin __sync int64 atomic operations... yes
checking for builtin __atomic int32 atomic operations... yes
checking for builtin __atomic int64 atomic operations... yes
checking for __get_cpuid... yes
checking for __cpuid... no
checking for _mm_crc32_u8 and _mm_crc32_u32 with CFLAGS=... no
checking for _mm_crc32_u8 and _mm_crc32_u32 with CFLAGS=-msse4.2... yes
checking for __crc32cb, __crc32ch, __crc32cw, and __crc32cd with CFLAGS=... no
checking for __crc32cb, __crc32ch, __crc32cw, and __crc32cd with CFLAGS=-march=armv8-a+crc... no
checking which CRC-32C implementation to use... SSE 4.2 with runtime check
checking which semaphore API to use... System V
checking which random number source to use... OpenSSL
checking for xmllint... /Users/rainman/opt/anaconda3/bin/xmllint
checking for xsltproc... /Users/rainman/opt/anaconda3/bin/xsltproc
checking for fop... no
checking for dbtoepub... no
checking whether gcc supports -Wl,-dead_strip_dylibs, for LDFLAGS... yes
checking whether gcc supports -Wl,--export-dynamic, for LDFLAGS_EX_BE... no
configure: using compiler=Apple clang version 11.0.3 (clang-1103.0.32.62)
configure: using CFLAGS=-Wall -Wmissing-prototypes -Wpointer-arith -Wdeclaration-after-statement -Werror=vla -Werror=unguarded-availability-new -Wendif-labels -Wmissing-format-attribute -Wformat-security -fno-strict-aliasing -fwrapv -Wno-unused-command-line-argument -g -O0 -g3 
configure: using CPPFLAGS=-isysroot $(PG_SYSROOT)   -I/usr/local/opt/openssl@3/include
configure: using LDFLAGS=-isysroot $(PG_SYSROOT)   -L/usr/local/opt/openssl@3/lib -Wl,-dead_strip_dylibs
preparing build tree... done
configure: creating ./config.status
config.status: creating GNUmakefile
config.status: creating src/Makefile.global
config.status: creating src/include/pg_config.h
config.status: creating src/include/pg_config_ext.h
config.status: creating src/interfaces/ecpg/include/ecpg_config.h
config.status: linking /Users/rainman/github/test_neon/neon//vendor/postgres-v16/src/backend/port/tas/dummy.s to src/backend/port/tas.s
config.status: linking /Users/rainman/github/test_neon/neon//vendor/postgres-v16/src/backend/port/sysv_sema.c to src/backend/port/pg_sema.c
config.status: linking /Users/rainman/github/test_neon/neon//vendor/postgres-v16/src/backend/port/sysv_shmem.c to src/backend/port/pg_shmem.c
config.status: linking /Users/rainman/github/test_neon/neon//vendor/postgres-v16/src/include/port/darwin.h to src/include/pg_config_os.h
config.status: linking /Users/rainman/github/test_neon/neon//vendor/postgres-v16/src/makefiles/Makefile.darwin to src/Makefile.port
